<?xml version="1.0" encoding="UTF-8"?>
<persistence xmlns="http://java.sun.com/xml/ns/persistence"
			 version="2.0">

	<persistence-unit name="pu" transaction-type="JTA">
		<!-- choose your own provider -->
		<provider>org.eclipse.persistence.jpa.PersistenceProvider</provider>
		<!-- choose your own data source -->
		<jta-data-source>jdbc/derbyEmbedded</jta-data-source>

		<class>net.devk.applicant.model.SampleEntity</class>

		<exclude-unlisted-classes>true</exclude-unlisted-classes>

		<properties>
			<property name="eclipselink.target-server" value="WebSphere_Liberty" />
			<property name="javax.persistence.jdbc.driver" value="jdbcDriverFiles" />
			<property name="eclipselink.logging.level" value="INFO" />
			<property name="eclipselink.ddl-generation" value="create-or-extend-tables" />
			<property name="eclipselink.cache.shared.default" value="false" />
			<property name="eclipselink.deploy-on-startup" value="true" />
		</properties>


	</persistence-unit>

</persistence>
